<?xml version="1.0" encoding="UTF-8"?>
<testng-results skipped="0" failed="0" ignored="0" total="1" passed="1">
  <reporter-output>
  </reporter-output>
  <suite name="Default suite" duration-ms="14953" started-at="2022-01-26T09:28:48Z" finished-at="2022-01-26T09:29:03Z">
    <groups>
    </groups>
    <test name="Default test" duration-ms="14953" started-at="2022-01-26T09:28:48Z" finished-at="2022-01-26T09:29:03Z">
      <class name="sampleTest1.SampleTest">
        <test-method status="PASS" signature="googleTest()[pri:0, instance:sampleTest1.SampleTest@1e127982]" name="googleTest" duration-ms="14893" started-at="2022-01-26T14:58:48Z" finished-at="2022-01-26T14:59:03Z">
          <reporter-output>
          </reporter-output>
        </test-method> <!-- googleTest -->
      </class> <!-- sampleTest1.SampleTest -->
    </test> <!-- Default test -->
  </suite> <!-- Default suite -->
</testng-results>
